<?xml version="1.0" encoding="UTF-8"?>
<testng-results ignored="0" total="1" passed="1" failed="0" skipped="0">
  <reporter-output>
  </reporter-output>
  <suite started-at="2023-07-04T17:34:41 IST" name="Default suite" finished-at="2023-07-04T17:35:17 IST" duration-ms="36188">
    <groups>
    </groups>
    <test started-at="2023-07-04T17:34:41 IST" name="Default test" finished-at="2023-07-04T17:35:17 IST" duration-ms="36188">
      <class name="testscript.Execute_Script">
        <test-method is-config="true" signature="openapp()[pri:0, instance:testscript.Execute_Script@6c130c45]" started-at="2023-07-04T17:34:41 IST" name="openapp" finished-at="2023-07-04T17:35:02 IST" duration-ms="21121" status="PASS">
          <reporter-output>
          </reporter-output>
        </test-method> <!-- openapp -->
        <test-method signature="login()[pri:0, instance:testscript.Execute_Script@6c130c45]" started-at="2023-07-04T17:35:02 IST" name="login" finished-at="2023-07-04T17:35:14 IST" duration-ms="11274" status="PASS">
          <reporter-output>
          </reporter-output>
        </test-method> <!-- login -->
        <test-method is-config="true" signature="closeapp(org.testng.ITestResult)[pri:0, instance:testscript.Execute_Script@6c130c45]" started-at="2023-07-04T17:35:14 IST" name="closeapp" finished-at="2023-07-04T17:35:17 IST" duration-ms="3674" status="PASS">
          <params>
            <param index="0">
              <value>
                <![CDATA[[TestResult name=login status=SUCCESS method=Execute_Script.login()[pri:0, instance:testscript.Execute_Script@6c130c45] output={null}]]]>
              </value>
            </param>
          </params>
          <reporter-output>
          </reporter-output>
        </test-method> <!-- closeapp -->
      </class> <!-- testscript.Execute_Script -->
    </test> <!-- Default test -->
  </suite> <!-- Default suite -->
</testng-results>
